C:\USERS\ACER\DESKTOP\HUFFMANPROJECT_1\DEBUG\BITHANDLER.OBJ
C:\USERS\ACER\DESKTOP\HUFFMANPROJECT_1\DEBUG\BYTEDATA.OBJ
C:\Users\Acer\Desktop\HuffmanProject_1\Debug\cl.command.1.tlog
C:\Users\Acer\Desktop\HuffmanProject_1\Debug\CL.read.1.tlog
C:\Users\Acer\Desktop\HuffmanProject_1\Debug\CL.write.1.tlog
C:\USERS\ACER\DESKTOP\HUFFMANPROJECT_1\DEBUG\FILEHANDLER.OBJ
C:\USERS\ACER\DESKTOP\HUFFMANPROJECT_1\DEBUG\HUFFMAN.OBJ
C:\USERS\ACER\DESKTOP\HUFFMANPROJECT_1\DEBUG\HUFFMANPROJECT.EXE
C:\USERS\ACER\DESKTOP\HUFFMANPROJECT_1\DEBUG\HUFFMANPROJECT.EXE.INTERMEDIATE.MANIFEST
C:\USERS\ACER\DESKTOP\HUFFMANPROJECT_1\DEBUG\HUFFMANPROJECT.ILK
C:\USERS\ACER\DESKTOP\HUFFMANPROJECT_1\DEBUG\HUFFMANPROJECT.PDB
C:\Users\Acer\Desktop\HuffmanProject_1\Debug\HuffmanProject.write.1.tlog
C:\Users\Acer\Desktop\HuffmanProject_1\Debug\link.command.1.tlog
C:\Users\Acer\Desktop\HuffmanProject_1\Debug\link.read.1.tlog
C:\Users\Acer\Desktop\HuffmanProject_1\Debug\link.write.1.tlog
C:\USERS\ACER\DESKTOP\HUFFMANPROJECT_1\DEBUG\MAIN.OBJ
C:\Users\Acer\Desktop\HuffmanProject_1\Debug\mt.command.1.tlog
C:\Users\Acer\Desktop\HuffmanProject_1\Debug\mt.read.1.tlog
C:\Users\Acer\Desktop\HuffmanProject_1\Debug\mt.write.1.tlog
C:\Users\Acer\Desktop\HuffmanProject_1\Debug\vc100.idb
C:\USERS\ACER\DESKTOP\HUFFMANPROJECT_1\DEBUG\VC100.PDB
