C:\USERS\ACER\DESKTOP\HUFFMANPROJECT_CAN1\RELEASE\BITHANDLER.OBJ
C:\USERS\ACER\DESKTOP\HUFFMANPROJECT_CAN1\RELEASE\BYTEDATA.OBJ
C:\Users\Acer\Desktop\HuffmanProject_Can1\Release\cl.command.1.tlog
C:\Users\Acer\Desktop\HuffmanProject_Can1\Release\CL.read.1.tlog
C:\Users\Acer\Desktop\HuffmanProject_Can1\Release\CL.write.1.tlog
C:\USERS\ACER\DESKTOP\HUFFMANPROJECT_CAN1\RELEASE\FILEHANDLER.OBJ
C:\USERS\ACER\DESKTOP\HUFFMANPROJECT_CAN1\RELEASE\HUFFMAN.EXE
C:\USERS\ACER\DESKTOP\HUFFMANPROJECT_CAN1\RELEASE\HUFFMAN.EXE.INTERMEDIATE.MANIFEST
C:\USERS\ACER\DESKTOP\HUFFMANPROJECT_CAN1\RELEASE\HUFFMAN.OBJ
C:\USERS\ACER\DESKTOP\HUFFMANPROJECT_CAN1\RELEASE\HUFFMAN.PDB
C:\Users\Acer\Desktop\HuffmanProject_Can1\Release\HuffmanProject.vcxprojResolveAssemblyReference.cache
C:\Users\Acer\Desktop\HuffmanProject_Can1\Release\HuffmanProject.write.1.tlog
C:\Users\Acer\Desktop\HuffmanProject_Can1\Release\link.command.1.tlog
C:\Users\Acer\Desktop\HuffmanProject_Can1\Release\link.read.1.tlog
C:\Users\Acer\Desktop\HuffmanProject_Can1\Release\link.write.1.tlog
C:\USERS\ACER\DESKTOP\HUFFMANPROJECT_CAN1\RELEASE\MAIN.OBJ
C:\Users\Acer\Desktop\HuffmanProject_Can1\Release\mt.command.1.tlog
C:\Users\Acer\Desktop\HuffmanProject_Can1\Release\mt.read.1.tlog
C:\Users\Acer\Desktop\HuffmanProject_Can1\Release\mt.write.1.tlog
C:\USERS\ACER\DESKTOP\HUFFMANPROJECT_CAN1\RELEASE\VC100.PDB
